2024-03-16 21:41:03,075 INFO  [] [] o.h.v.i.u.Version.<clinit>:21] HV000001: Hibernate Validator 8.0.1.Final
2024-03-16 21:41:03,165 INFO  [] [] o.s.b.StartupInfoLogger.logStarting:50] Starting RoleMasterApplication using Java 17.0.1 with PID 61644 (C:\Users\AN20279976\git\Inventory-API-ANTU\target\classes started by AN20279976 in C:\Users\AN20279976\git\Inventory-API-ANTU)
2024-03-16 21:41:03,166 DEBUG [] [] o.s.b.StartupInfoLogger.logStarting:51] Running with Spring Boot v3.2.1, Spring v6.1.2
2024-03-16 21:41:03,167 INFO  [] [] o.s.b.SpringApplication.logStartupProfileInfo:668] The following 1 profile is active: "test"
2024-03-16 21:41:04,830 INFO  [] [] o.s.d.r.c.RepositoryConfigurationDelegate.multipleStoresDetected:292] Multiple Spring Data modules found, entering strict repository configuration mode
2024-03-16 21:41:04,835 INFO  [] [] o.s.d.r.c.RepositoryConfigurationDelegate.registerRepositoriesIn:139] Bootstrapping Spring Data JPA repositories in DEFAULT mode.
2024-03-16 21:41:05,160 INFO  [] [] o.s.d.r.c.RepositoryConfigurationDelegate.registerRepositoriesIn:208] Finished Spring Data repository scanning in 318 ms. Found 35 JPA repository interfaces.
2024-03-16 21:41:05,182 INFO  [] [] o.s.d.r.c.RepositoryConfigurationDelegate.multipleStoresDetected:292] Multiple Spring Data modules found, entering strict repository configuration mode
2024-03-16 21:41:05,184 INFO  [] [] o.s.d.r.c.RepositoryConfigurationDelegate.registerRepositoriesIn:139] Bootstrapping Spring Data Redis repositories in DEFAULT mode.
2024-03-16 21:41:05,214 INFO  [] [] o.s.d.r.c.RepositoryConfigurationExtensionSupport.isStrictRepositoryCandidate:320] Spring Data Redis - Could not safely identify store assignment for repository candidate interface com.iemr.inventory.repository.facilitytype.M_facilitytypeRepo; If you want this repository to be a Redis repository, consider annotating your entities with one of these annotations: org.springframework.data.redis.core.RedisHash (preferred), or consider extending one of the following types with your repository: org.springframework.data.keyvalue.repository.KeyValueRepository
2024-03-16 21:41:05,215 INFO  [] [] o.s.d.r.c.RepositoryConfigurationExtensionSupport.isStrictRepositoryCandidate:320] Spring Data Redis - Could not safely identify store assignment for repository candidate interface com.iemr.inventory.repository.itemfacilitymapping.M_itemfacilitymappingRepo; If you want this repository to be a Redis repository, consider annotating your entities with one of these annotations: org.springframework.data.redis.core.RedisHash (preferred), or consider extending one of the following types with your repository: org.springframework.data.keyvalue.repository.KeyValueRepository
2024-03-16 21:41:05,215 INFO  [] [] o.s.d.r.c.RepositoryConfigurationExtensionSupport.isStrictRepositoryCandidate:320] Spring Data Redis - Could not safely identify store assignment for repository candidate interface com.iemr.inventory.repository.itemfacilitymapping.V_fetchItemFacilityMapRepo; If you want this repository to be a Redis repository, consider annotating your entities with one of these annotations: org.springframework.data.redis.core.RedisHash (preferred), or consider extending one of the following types with your repository: org.springframework.data.keyvalue.repository.KeyValueRepository
2024-03-16 21:41:05,215 INFO  [] [] o.s.d.r.c.RepositoryConfigurationExtensionSupport.isStrictRepositoryCandidate:320] Spring Data Redis - Could not safely identify store assignment for repository candidate interface com.iemr.inventory.repository.item.ItemCategoryRepo; If you want this repository to be a Redis repository, consider annotating your entities with one of these annotations: org.springframework.data.redis.core.RedisHash (preferred), or consider extending one of the following types with your repository: org.springframework.data.keyvalue.repository.KeyValueRepository
2024-03-16 21:41:05,216 INFO  [] [] o.s.d.r.c.RepositoryConfigurationExtensionSupport.isStrictRepositoryCandidate:320] Spring Data Redis - Could not safely identify store assignment for repository candidate interface com.iemr.inventory.repository.item.ItemFormRepo; If you want this repository to be a Redis repository, consider annotating your entities with one of these annotations: org.springframework.data.redis.core.RedisHash (preferred), or consider extending one of the following types with your repository: org.springframework.data.keyvalue.repository.KeyValueRepository
2024-03-16 21:41:05,217 INFO  [] [] o.s.d.r.c.RepositoryConfigurationExtensionSupport.isStrictRepositoryCandidate:320] Spring Data Redis - Could not safely identify store assignment for repository candidate interface com.iemr.inventory.repository.item.ItemRepo; If you want this repository to be a Redis repository, consider annotating your entities with one of these annotations: org.springframework.data.redis.core.RedisHash (preferred), or consider extending one of the following types with your repository: org.springframework.data.keyvalue.repository.KeyValueRepository
2024-03-16 21:41:05,217 INFO  [] [] o.s.d.r.c.RepositoryConfigurationExtensionSupport.isStrictRepositoryCandidate:320] Spring Data Redis - Could not safely identify store assignment for repository candidate interface com.iemr.inventory.repository.item.RouteRepo; If you want this repository to be a Redis repository, consider annotating your entities with one of these annotations: org.springframework.data.redis.core.RedisHash (preferred), or consider extending one of the following types with your repository: org.springframework.data.keyvalue.repository.KeyValueRepository
2024-03-16 21:41:05,217 INFO  [] [] o.s.d.r.c.RepositoryConfigurationExtensionSupport.isStrictRepositoryCandidate:320] Spring Data Redis - Could not safely identify store assignment for repository candidate interface com.iemr.inventory.repository.patientreturn.ItemReturnEntryRepo; If you want this repository to be a Redis repository, consider annotating your entities with one of these annotations: org.springframework.data.redis.core.RedisHash (preferred), or consider extending one of the following types with your repository: org.springframework.data.keyvalue.repository.KeyValueRepository
2024-03-16 21:41:05,217 INFO  [] [] o.s.d.r.c.RepositoryConfigurationExtensionSupport.isStrictRepositoryCandidate:320] Spring Data Redis - Could not safely identify store assignment for repository candidate interface com.iemr.inventory.repository.patientreturn.PatientReturnRepo; If you want this repository to be a Redis repository, consider annotating your entities with one of these annotations: org.springframework.data.redis.core.RedisHash (preferred), or consider extending one of the following types with your repository: org.springframework.data.keyvalue.repository.KeyValueRepository
2024-03-16 21:41:05,218 INFO  [] [] o.s.d.r.c.RepositoryConfigurationExtensionSupport.isStrictRepositoryCandidate:320] Spring Data Redis - Could not safely identify store assignment for repository candidate interface com.iemr.inventory.repository.store.MainStoreRepo; If you want this repository to be a Redis repository, consider annotating your entities with one of these annotations: org.springframework.data.redis.core.RedisHash (preferred), or consider extending one of the following types with your repository: org.springframework.data.keyvalue.repository.KeyValueRepository
2024-03-16 21:41:05,218 INFO  [] [] o.s.d.r.c.RepositoryConfigurationExtensionSupport.isStrictRepositoryCandidate:320] Spring Data Redis - Could not safely identify store assignment for repository candidate interface com.iemr.inventory.repository.store.VanMasterRepository; If you want this repository to be a Redis repository, consider annotating your entities with one of these annotations: org.springframework.data.redis.core.RedisHash (preferred), or consider extending one of the following types with your repository: org.springframework.data.keyvalue.repository.KeyValueRepository
2024-03-16 21:41:05,218 INFO  [] [] o.s.d.r.c.RepositoryConfigurationExtensionSupport.isStrictRepositoryCandidate:320] Spring Data Redis - Could not safely identify store assignment for repository candidate interface com.iemr.inventory.repo.dispenseagainst_rx.PrescribedDrugDetailsRepo; If you want this repository to be a Redis repository, consider annotating your entities with one of these annotations: org.springframework.data.redis.core.RedisHash (preferred), or consider extending one of the following types with your repository: org.springframework.data.keyvalue.repository.KeyValueRepository
2024-03-16 21:41:05,219 INFO  [] [] o.s.d.r.c.RepositoryConfigurationExtensionSupport.isStrictRepositoryCandidate:320] Spring Data Redis - Could not safely identify store assignment for repository candidate interface com.iemr.inventory.repo.drugtype.DrugtypeRepo; If you want this repository to be a Redis repository, consider annotating your entities with one of these annotations: org.springframework.data.redis.core.RedisHash (preferred), or consider extending one of the following types with your repository: org.springframework.data.keyvalue.repository.KeyValueRepository
2024-03-16 21:41:05,219 INFO  [] [] o.s.d.r.c.RepositoryConfigurationExtensionSupport.isStrictRepositoryCandidate:320] Spring Data Redis - Could not safely identify store assignment for repository candidate interface com.iemr.inventory.repo.indent.IndentIssueRepo; If you want this repository to be a Redis repository, consider annotating your entities with one of these annotations: org.springframework.data.redis.core.RedisHash (preferred), or consider extending one of the following types with your repository: org.springframework.data.keyvalue.repository.KeyValueRepository
2024-03-16 21:41:05,219 INFO  [] [] o.s.d.r.c.RepositoryConfigurationExtensionSupport.isStrictRepositoryCandidate:320] Spring Data Redis - Could not safely identify store assignment for repository candidate interface com.iemr.inventory.repo.indent.IndentOrderRepo; If you want this repository to be a Redis repository, consider annotating your entities with one of these annotations: org.springframework.data.redis.core.RedisHash (preferred), or consider extending one of the following types with your repository: org.springframework.data.keyvalue.repository.KeyValueRepository
2024-03-16 21:41:05,219 INFO  [] [] o.s.d.r.c.RepositoryConfigurationExtensionSupport.isStrictRepositoryCandidate:320] Spring Data Redis - Could not safely identify store assignment for repository candidate interface com.iemr.inventory.repo.indent.IndentRepo; If you want this repository to be a Redis repository, consider annotating your entities with one of these annotations: org.springframework.data.redis.core.RedisHash (preferred), or consider extending one of the following types with your repository: org.springframework.data.keyvalue.repository.KeyValueRepository
2024-03-16 21:41:05,219 INFO  [] [] o.s.d.r.c.RepositoryConfigurationExtensionSupport.isStrictRepositoryCandidate:320] Spring Data Redis - Could not safely identify store assignment for repository candidate interface com.iemr.inventory.repo.indent.ItemfacilitymappingIndentRepo; If you want this repository to be a Redis repository, consider annotating your entities with one of these annotations: org.springframework.data.redis.core.RedisHash (preferred), or consider extending one of the following types with your repository: org.springframework.data.keyvalue.repository.KeyValueRepository
2024-03-16 21:41:05,220 INFO  [] [] o.s.d.r.c.RepositoryConfigurationExtensionSupport.isStrictRepositoryCandidate:320] Spring Data Redis - Could not safely identify store assignment for repository candidate interface com.iemr.inventory.repo.manufacturer.ManufacturerRepo; If you want this repository to be a Redis repository, consider annotating your entities with one of these annotations: org.springframework.data.redis.core.RedisHash (preferred), or consider extending one of the following types with your repository: org.springframework.data.keyvalue.repository.KeyValueRepository
2024-03-16 21:41:05,220 INFO  [] [] o.s.d.r.c.RepositoryConfigurationExtensionSupport.isStrictRepositoryCandidate:320] Spring Data Redis - Could not safely identify store assignment for repository candidate interface com.iemr.inventory.repo.pharmacologicalcategory.PharmacologicalcategoryRepo; If you want this repository to be a Redis repository, consider annotating your entities with one of these annotations: org.springframework.data.redis.core.RedisHash (preferred), or consider extending one of the following types with your repository: org.springframework.data.keyvalue.repository.KeyValueRepository
2024-03-16 21:41:05,220 INFO  [] [] o.s.d.r.c.RepositoryConfigurationExtensionSupport.isStrictRepositoryCandidate:320] Spring Data Redis - Could not safely identify store assignment for repository candidate interface com.iemr.inventory.repo.report.ItemStockReportRepo; If you want this repository to be a Redis repository, consider annotating your entities with one of these annotations: org.springframework.data.redis.core.RedisHash (preferred), or consider extending one of the following types with your repository: org.springframework.data.keyvalue.repository.KeyValueRepository
2024-03-16 21:41:05,220 INFO  [] [] o.s.d.r.c.RepositoryConfigurationExtensionSupport.isStrictRepositoryCandidate:320] Spring Data Redis - Could not safely identify store assignment for repository candidate interface com.iemr.inventory.repo.stockadjustment.StockAdjustmentDraftRepo; If you want this repository to be a Redis repository, consider annotating your entities with one of these annotations: org.springframework.data.redis.core.RedisHash (preferred), or consider extending one of the following types with your repository: org.springframework.data.keyvalue.repository.KeyValueRepository
2024-03-16 21:41:05,221 INFO  [] [] o.s.d.r.c.RepositoryConfigurationExtensionSupport.isStrictRepositoryCandidate:320] Spring Data Redis - Could not safely identify store assignment for repository candidate interface com.iemr.inventory.repo.stockadjustment.StockAdjustmentItemDraftRepo; If you want this repository to be a Redis repository, consider annotating your entities with one of these annotations: org.springframework.data.redis.core.RedisHash (preferred), or consider extending one of the following types with your repository: org.springframework.data.keyvalue.repository.KeyValueRepository
2024-03-16 21:41:05,221 INFO  [] [] o.s.d.r.c.RepositoryConfigurationExtensionSupport.isStrictRepositoryCandidate:320] Spring Data Redis - Could not safely identify store assignment for repository candidate interface com.iemr.inventory.repo.stockadjustment.StockAdjustmentItemRepo; If you want this repository to be a Redis repository, consider annotating your entities with one of these annotations: org.springframework.data.redis.core.RedisHash (preferred), or consider extending one of the following types with your repository: org.springframework.data.keyvalue.repository.KeyValueRepository
2024-03-16 21:41:05,221 INFO  [] [] o.s.d.r.c.RepositoryConfigurationExtensionSupport.isStrictRepositoryCandidate:320] Spring Data Redis - Could not safely identify store assignment for repository candidate interface com.iemr.inventory.repo.stockadjustment.StockAdjustmentRepo; If you want this repository to be a Redis repository, consider annotating your entities with one of these annotations: org.springframework.data.redis.core.RedisHash (preferred), or consider extending one of the following types with your repository: org.springframework.data.keyvalue.repository.KeyValueRepository
2024-03-16 21:41:05,221 INFO  [] [] o.s.d.r.c.RepositoryConfigurationExtensionSupport.isStrictRepositoryCandidate:320] Spring Data Redis - Could not safely identify store assignment for repository candidate interface com.iemr.inventory.repo.stockEntry.ItemStockEntryRepo; If you want this repository to be a Redis repository, consider annotating your entities with one of these annotations: org.springframework.data.redis.core.RedisHash (preferred), or consider extending one of the following types with your repository: org.springframework.data.keyvalue.repository.KeyValueRepository
2024-03-16 21:41:05,222 INFO  [] [] o.s.d.r.c.RepositoryConfigurationExtensionSupport.isStrictRepositoryCandidate:320] Spring Data Redis - Could not safely identify store assignment for repository candidate interface com.iemr.inventory.repo.stockEntry.PhysicalStockEntryRepo; If you want this repository to be a Redis repository, consider annotating your entities with one of these annotations: org.springframework.data.redis.core.RedisHash (preferred), or consider extending one of the following types with your repository: org.springframework.data.keyvalue.repository.KeyValueRepository
2024-03-16 21:41:05,222 INFO  [] [] o.s.d.r.c.RepositoryConfigurationExtensionSupport.isStrictRepositoryCandidate:320] Spring Data Redis - Could not safely identify store assignment for repository candidate interface com.iemr.inventory.repo.stockExit.ItemStockExitRepo; If you want this repository to be a Redis repository, consider annotating your entities with one of these annotations: org.springframework.data.redis.core.RedisHash (preferred), or consider extending one of the following types with your repository: org.springframework.data.keyvalue.repository.KeyValueRepository
2024-03-16 21:41:05,222 INFO  [] [] o.s.d.r.c.RepositoryConfigurationExtensionSupport.isStrictRepositoryCandidate:320] Spring Data Redis - Could not safely identify store assignment for repository candidate interface com.iemr.inventory.repo.stockExit.PatientIssueRepo; If you want this repository to be a Redis repository, consider annotating your entities with one of these annotations: org.springframework.data.redis.core.RedisHash (preferred), or consider extending one of the following types with your repository: org.springframework.data.keyvalue.repository.KeyValueRepository
2024-03-16 21:41:05,222 INFO  [] [] o.s.d.r.c.RepositoryConfigurationExtensionSupport.isStrictRepositoryCandidate:320] Spring Data Redis - Could not safely identify store assignment for repository candidate interface com.iemr.inventory.repo.stockExit.StockTransferRepo; If you want this repository to be a Redis repository, consider annotating your entities with one of these annotations: org.springframework.data.redis.core.RedisHash (preferred), or consider extending one of the following types with your repository: org.springframework.data.keyvalue.repository.KeyValueRepository
2024-03-16 21:41:05,223 INFO  [] [] o.s.d.r.c.RepositoryConfigurationExtensionSupport.isStrictRepositoryCandidate:320] Spring Data Redis - Could not safely identify store assignment for repository candidate interface com.iemr.inventory.repo.stockExit.StoreSelfConsumptionRepo; If you want this repository to be a Redis repository, consider annotating your entities with one of these annotations: org.springframework.data.redis.core.RedisHash (preferred), or consider extending one of the following types with your repository: org.springframework.data.keyvalue.repository.KeyValueRepository
2024-03-16 21:41:05,223 INFO  [] [] o.s.d.r.c.RepositoryConfigurationExtensionSupport.isStrictRepositoryCandidate:320] Spring Data Redis - Could not safely identify store assignment for repository candidate interface com.iemr.inventory.repo.supplier.M_SupplieraddressRepo; If you want this repository to be a Redis repository, consider annotating your entities with one of these annotations: org.springframework.data.redis.core.RedisHash (preferred), or consider extending one of the following types with your repository: org.springframework.data.keyvalue.repository.KeyValueRepository
2024-03-16 21:41:05,223 INFO  [] [] o.s.d.r.c.RepositoryConfigurationExtensionSupport.isStrictRepositoryCandidate:320] Spring Data Redis - Could not safely identify store assignment for repository candidate interface com.iemr.inventory.repo.supplier.SupplierRepo; If you want this repository to be a Redis repository, consider annotating your entities with one of these annotations: org.springframework.data.redis.core.RedisHash (preferred), or consider extending one of the following types with your repository: org.springframework.data.keyvalue.repository.KeyValueRepository
2024-03-16 21:41:05,224 INFO  [] [] o.s.d.r.c.RepositoryConfigurationExtensionSupport.isStrictRepositoryCandidate:320] Spring Data Redis - Could not safely identify store assignment for repository candidate interface com.iemr.inventory.repo.uom.UomRepo; If you want this repository to be a Redis repository, consider annotating your entities with one of these annotations: org.springframework.data.redis.core.RedisHash (preferred), or consider extending one of the following types with your repository: org.springframework.data.keyvalue.repository.KeyValueRepository
2024-03-16 21:41:05,224 INFO  [] [] o.s.d.r.c.RepositoryConfigurationExtensionSupport.isStrictRepositoryCandidate:320] Spring Data Redis - Could not safely identify store assignment for repository candidate interface com.iemr.inventory.repo.visit.BeneficiaryFlowStatusRepo; If you want this repository to be a Redis repository, consider annotating your entities with one of these annotations: org.springframework.data.redis.core.RedisHash (preferred), or consider extending one of the following types with your repository: org.springframework.data.keyvalue.repository.KeyValueRepository
2024-03-16 21:41:05,224 INFO  [] [] o.s.d.r.c.RepositoryConfigurationExtensionSupport.isStrictRepositoryCandidate:320] Spring Data Redis - Could not safely identify store assignment for repository candidate interface com.iemr.inventory.repo.visit.VisitRepo; If you want this repository to be a Redis repository, consider annotating your entities with one of these annotations: org.springframework.data.redis.core.RedisHash (preferred), or consider extending one of the following types with your repository: org.springframework.data.keyvalue.repository.KeyValueRepository
2024-03-16 21:41:05,224 INFO  [] [] o.s.d.r.c.RepositoryConfigurationDelegate.registerRepositoriesIn:208] Finished Spring Data repository scanning in 33 ms. Found 0 Redis repository interfaces.
2024-03-16 21:41:05,983 INFO  [] [] o.s.b.w.e.t.TomcatWebServer.initialize:109] Tomcat initialized with port 8080 (http)
2024-03-16 21:41:05,990 INFO  [] [] o.a.j.l.DirectJDKLog.log:173] Initializing ProtocolHandler ["http-nio-8080"]
2024-03-16 21:41:05,992 INFO  [] [] o.a.j.l.DirectJDKLog.log:173] Starting service [Tomcat]
2024-03-16 21:41:05,993 INFO  [] [] o.a.j.l.DirectJDKLog.log:173] Starting Servlet engine: [Apache Tomcat/10.1.17]
2024-03-16 21:41:06,097 INFO  [] [] o.a.j.l.DirectJDKLog.log:173] Initializing Spring embedded WebApplicationContext
2024-03-16 21:41:06,097 INFO  [] [] o.s.b.w.s.c.ServletWebServerApplicationContext.prepareWebApplicationContext:296] Root WebApplicationContext: initialization completed in 2867 ms
2024-03-16 21:41:06,571 INFO  [] [] o.h.j.i.u.LogHelper.logPersistenceUnitInformation:31] HHH000204: Processing PersistenceUnitInfo [name: default]
2024-03-16 21:41:06,639 INFO  [] [] o.h.Version.logVersion:44] HHH000412: Hibernate ORM core version 6.4.1.Final
2024-03-16 21:41:06,692 INFO  [] [] o.h.c.i.RegionFactoryInitiator.initiateService:50] HHH000026: Second-level cache disabled
2024-03-16 21:41:06,999 INFO  [] [] o.s.o.j.p.SpringPersistenceUnitInfo.addTransformer:87] No LoadTimeWeaver setup: ignoring JPA class transformer
2024-03-16 21:41:07,033 INFO  [] [] c.z.h.HikariDataSource.getConnection:110] HikariPool-1 - Starting...
2024-03-16 21:41:07,038 WARN  [] [] c.z.h.u.DriverDataSource.<init>:70] Registered driver with driverClassName=com.mysql.jdbc.Driver was not found, trying direct instantiation.
2024-03-16 21:41:12,757 ERROR [] [] c.z.h.p.HikariPool.throwPoolInitializationException:594] HikariPool-1 - Exception during pool initialization.
java.sql.SQLNonTransientConnectionException: Could not create connection to database server. Attempted reconnect 3 times. Giving up.
	at com.mysql.cj.jdbc.exceptions.SQLError.createSQLException(SQLError.java:111)
	at com.mysql.cj.jdbc.exceptions.SQLError.createSQLException(SQLError.java:98)
	at com.mysql.cj.jdbc.exceptions.SQLError.createSQLException(SQLError.java:90)
	at com.mysql.cj.jdbc.exceptions.SQLError.createSQLException(SQLError.java:64)
	at com.mysql.cj.jdbc.exceptions.SQLError.createSQLException(SQLError.java:74)
	at com.mysql.cj.jdbc.ConnectionImpl.connectWithRetries(ConnectionImpl.java:885)
	at com.mysql.cj.jdbc.ConnectionImpl.createNewIO(ConnectionImpl.java:810)
	at com.mysql.cj.jdbc.ConnectionImpl.<init>(ConnectionImpl.java:438)
	at com.mysql.cj.jdbc.ConnectionImpl.getInstance(ConnectionImpl.java:241)
	at com.mysql.cj.jdbc.NonRegisteringDriver.connect(NonRegisteringDriver.java:189)
	at com.zaxxer.hikari.util.DriverDataSource.getConnection(DriverDataSource.java:138)
	at com.zaxxer.hikari.pool.PoolBase.newConnection(PoolBase.java:359)
	at com.zaxxer.hikari.pool.PoolBase.newPoolEntry(PoolBase.java:201)
	at com.zaxxer.hikari.pool.HikariPool.createPoolEntry(HikariPool.java:470)
	at com.zaxxer.hikari.pool.HikariPool.checkFailFast(HikariPool.java:561)
	at com.zaxxer.hikari.pool.HikariPool.<init>(HikariPool.java:100)
	at com.zaxxer.hikari.HikariDataSource.getConnection(HikariDataSource.java:112)
	at org.hibernate.engine.jdbc.connections.internal.DatasourceConnectionProviderImpl.getConnection(DatasourceConnectionProviderImpl.java:122)
	at org.hibernate.engine.jdbc.env.internal.JdbcEnvironmentInitiator$ConnectionProviderJdbcConnectionAccess.obtainConnection(JdbcEnvironmentInitiator.java:428)
	at org.hibernate.resource.transaction.backend.jdbc.internal.JdbcIsolationDelegate.delegateWork(JdbcIsolationDelegate.java:61)
	at org.hibernate.engine.jdbc.env.internal.JdbcEnvironmentInitiator.getJdbcEnvironmentUsingJdbcMetadata(JdbcEnvironmentInitiator.java:276)
	at org.hibernate.engine.jdbc.env.internal.JdbcEnvironmentInitiator.initiateService(JdbcEnvironmentInitiator.java:107)
	at org.hibernate.engine.jdbc.env.internal.JdbcEnvironmentInitiator.initiateService(JdbcEnvironmentInitiator.java:68)
	at org.hibernate.boot.registry.internal.StandardServiceRegistryImpl.initiateService(StandardServiceRegistryImpl.java:129)
	at org.hibernate.service.internal.AbstractServiceRegistryImpl.createService(AbstractServiceRegistryImpl.java:263)
	at org.hibernate.service.internal.AbstractServiceRegistryImpl.initializeService(AbstractServiceRegistryImpl.java:238)
	at org.hibernate.service.internal.AbstractServiceRegistryImpl.getService(AbstractServiceRegistryImpl.java:215)
	at org.hibernate.boot.model.relational.Database.<init>(Database.java:45)
	at org.hibernate.boot.internal.InFlightMetadataCollectorImpl.getDatabase(InFlightMetadataCollectorImpl.java:223)
	at org.hibernate.boot.internal.InFlightMetadataCollectorImpl.<init>(InFlightMetadataCollectorImpl.java:191)
	at org.hibernate.boot.model.process.spi.MetadataBuildingProcess.complete(MetadataBuildingProcess.java:170)
	at org.hibernate.jpa.boot.internal.EntityManagerFactoryBuilderImpl.metadata(EntityManagerFactoryBuilderImpl.java:1432)
	at org.hibernate.jpa.boot.internal.EntityManagerFactoryBuilderImpl.build(EntityManagerFactoryBuilderImpl.java:1503)
	at org.springframework.orm.jpa.vendor.SpringHibernateJpaPersistenceProvider.createContainerEntityManagerFactory(SpringHibernateJpaPersistenceProvider.java:75)
	at org.springframework.orm.jpa.LocalContainerEntityManagerFactoryBean.createNativeEntityManagerFactory(LocalContainerEntityManagerFactoryBean.java:376)
	at org.springframework.orm.jpa.AbstractEntityManagerFactoryBean.buildNativeEntityManagerFactory(AbstractEntityManagerFactoryBean.java:409)
	at org.springframework.orm.jpa.AbstractEntityManagerFactoryBean.afterPropertiesSet(AbstractEntityManagerFactoryBean.java:396)
	at org.springframework.orm.jpa.LocalContainerEntityManagerFactoryBean.afterPropertiesSet(LocalContainerEntityManagerFactoryBean.java:352)
	at org.springframework.beans.factory.support.AbstractAutowireCapableBeanFactory.invokeInitMethods(AbstractAutowireCapableBeanFactory.java:1820)
	at org.springframework.beans.factory.support.AbstractAutowireCapableBeanFactory.initializeBean(AbstractAutowireCapableBeanFactory.java:1769)
	at org.springframework.beans.factory.support.AbstractAutowireCapableBeanFactory.doCreateBean(AbstractAutowireCapableBeanFactory.java:599)
	at org.springframework.beans.factory.support.AbstractAutowireCapableBeanFactory.createBean(AbstractAutowireCapableBeanFactory.java:521)
	at org.springframework.beans.factory.support.AbstractBeanFactory.lambda$doGetBean$0(AbstractBeanFactory.java:325)
	at org.springframework.beans.factory.support.DefaultSingletonBeanRegistry.getSingleton(DefaultSingletonBeanRegistry.java:234)
	at org.springframework.beans.factory.support.AbstractBeanFactory.doGetBean(AbstractBeanFactory.java:323)
	at org.springframework.beans.factory.support.AbstractBeanFactory.getBean(AbstractBeanFactory.java:199)
	at org.springframework.context.support.AbstractApplicationContext.getBean(AbstractApplicationContext.java:1232)
	at org.springframework.context.support.AbstractApplicationContext.finishBeanFactoryInitialization(AbstractApplicationContext.java:950)
	at org.springframework.context.support.AbstractApplicationContext.refresh(AbstractApplicationContext.java:625)
	at org.springframework.boot.web.servlet.context.ServletWebServerApplicationContext.refresh(ServletWebServerApplicationContext.java:146)
	at org.springframework.boot.SpringApplication.refresh(SpringApplication.java:762)
	at org.springframework.boot.SpringApplication.refreshContext(SpringApplication.java:464)
	at org.springframework.boot.SpringApplication.run(SpringApplication.java:334)
	at org.springframework.boot.SpringApplication.run(SpringApplication.java:1358)
	at org.springframework.boot.SpringApplication.run(SpringApplication.java:1347)
	at com.iemr.inventory.RoleMasterApplication.main(RoleMasterApplication.java:46)
Caused by: com.mysql.cj.exceptions.CJCommunicationsException: Communications link failure

The last packet sent successfully to the server was 0 milliseconds ago. The driver has not received any packets from the server.
	at java.base/jdk.internal.reflect.NativeConstructorAccessorImpl.newInstance0(Native Method)
	at java.base/jdk.internal.reflect.NativeConstructorAccessorImpl.newInstance(NativeConstructorAccessorImpl.java:77)
	at java.base/jdk.internal.reflect.DelegatingConstructorAccessorImpl.newInstance(DelegatingConstructorAccessorImpl.java:45)
	at java.base/java.lang.reflect.Constructor.newInstanceWithCaller(Constructor.java:499)
	at java.base/java.lang.reflect.Constructor.newInstance(Constructor.java:480)
	at com.mysql.cj.exceptions.ExceptionFactory.createException(ExceptionFactory.java:61)
	at com.mysql.cj.exceptions.ExceptionFactory.createException(ExceptionFactory.java:104)
	at com.mysql.cj.exceptions.ExceptionFactory.createException(ExceptionFactory.java:149)
	at com.mysql.cj.exceptions.ExceptionFactory.createCommunicationsException(ExceptionFactory.java:165)
	at com.mysql.cj.protocol.a.NativeProtocol.readMessage(NativeProtocol.java:582)
	at com.mysql.cj.protocol.a.NativeProtocol.readServerCapabilities(NativeProtocol.java:537)
	at com.mysql.cj.protocol.a.NativeProtocol.beforeHandshake(NativeProtocol.java:425)
	at com.mysql.cj.protocol.a.NativeProtocol.connect(NativeProtocol.java:1426)
	at com.mysql.cj.NativeSession.connect(NativeSession.java:133)
	at com.mysql.cj.jdbc.ConnectionImpl.connectWithRetries(ConnectionImpl.java:829)
	... 50 common frames omitted
Caused by: java.io.EOFException: Can not read response from server. Expected to read 4 bytes, read 0 bytes before connection was unexpectedly lost.
	at com.mysql.cj.protocol.FullReadInputStream.readFully(FullReadInputStream.java:67)
	at com.mysql.cj.protocol.a.SimplePacketReader.readHeaderLocal(SimplePacketReader.java:81)
	at com.mysql.cj.protocol.a.SimplePacketReader.readHeader(SimplePacketReader.java:63)
	at com.mysql.cj.protocol.a.SimplePacketReader.readHeader(SimplePacketReader.java:45)
	at com.mysql.cj.protocol.a.NativeProtocol.readMessage(NativeProtocol.java:576)
	... 55 common frames omitted
2024-03-16 21:41:12,760 WARN  [] [] o.h.e.j.e.i.JdbcEnvironmentInitiator.getJdbcEnvironmentUsingJdbcMetadata:345] HHH000342: Could not obtain connection to query metadata
java.lang.NullPointerException: Cannot invoke "org.hibernate.engine.jdbc.spi.SqlExceptionHelper.convert(java.sql.SQLException, String)" because the return value of "org.hibernate.resource.transaction.backend.jdbc.internal.JdbcIsolationDelegate.sqlExceptionHelper()" is null
	at org.hibernate.resource.transaction.backend.jdbc.internal.JdbcIsolationDelegate.delegateWork(JdbcIsolationDelegate.java:116)
	at org.hibernate.engine.jdbc.env.internal.JdbcEnvironmentInitiator.getJdbcEnvironmentUsingJdbcMetadata(JdbcEnvironmentInitiator.java:276)
	at org.hibernate.engine.jdbc.env.internal.JdbcEnvironmentInitiator.initiateService(JdbcEnvironmentInitiator.java:107)
	at org.hibernate.engine.jdbc.env.internal.JdbcEnvironmentInitiator.initiateService(JdbcEnvironmentInitiator.java:68)
	at org.hibernate.boot.registry.internal.StandardServiceRegistryImpl.initiateService(StandardServiceRegistryImpl.java:129)
	at org.hibernate.service.internal.AbstractServiceRegistryImpl.createService(AbstractServiceRegistryImpl.java:263)
	at org.hibernate.service.internal.AbstractServiceRegistryImpl.initializeService(AbstractServiceRegistryImpl.java:238)
	at org.hibernate.service.internal.AbstractServiceRegistryImpl.getService(AbstractServiceRegistryImpl.java:215)
	at org.hibernate.boot.model.relational.Database.<init>(Database.java:45)
	at org.hibernate.boot.internal.InFlightMetadataCollectorImpl.getDatabase(InFlightMetadataCollectorImpl.java:223)
	at org.hibernate.boot.internal.InFlightMetadataCollectorImpl.<init>(InFlightMetadataCollectorImpl.java:191)
	at org.hibernate.boot.model.process.spi.MetadataBuildingProcess.complete(MetadataBuildingProcess.java:170)
	at org.hibernate.jpa.boot.internal.EntityManagerFactoryBuilderImpl.metadata(EntityManagerFactoryBuilderImpl.java:1432)
	at org.hibernate.jpa.boot.internal.EntityManagerFactoryBuilderImpl.build(EntityManagerFactoryBuilderImpl.java:1503)
	at org.springframework.orm.jpa.vendor.SpringHibernateJpaPersistenceProvider.createContainerEntityManagerFactory(SpringHibernateJpaPersistenceProvider.java:75)
	at org.springframework.orm.jpa.LocalContainerEntityManagerFactoryBean.createNativeEntityManagerFactory(LocalContainerEntityManagerFactoryBean.java:376)
	at org.springframework.orm.jpa.AbstractEntityManagerFactoryBean.buildNativeEntityManagerFactory(AbstractEntityManagerFactoryBean.java:409)
	at org.springframework.orm.jpa.AbstractEntityManagerFactoryBean.afterPropertiesSet(AbstractEntityManagerFactoryBean.java:396)
	at org.springframework.orm.jpa.LocalContainerEntityManagerFactoryBean.afterPropertiesSet(LocalContainerEntityManagerFactoryBean.java:352)
	at org.springframework.beans.factory.support.AbstractAutowireCapableBeanFactory.invokeInitMethods(AbstractAutowireCapableBeanFactory.java:1820)
	at org.springframework.beans.factory.support.AbstractAutowireCapableBeanFactory.initializeBean(AbstractAutowireCapableBeanFactory.java:1769)
	at org.springframework.beans.factory.support.AbstractAutowireCapableBeanFactory.doCreateBean(AbstractAutowireCapableBeanFactory.java:599)
	at org.springframework.beans.factory.support.AbstractAutowireCapableBeanFactory.createBean(AbstractAutowireCapableBeanFactory.java:521)
	at org.springframework.beans.factory.support.AbstractBeanFactory.lambda$doGetBean$0(AbstractBeanFactory.java:325)
	at org.springframework.beans.factory.support.DefaultSingletonBeanRegistry.getSingleton(DefaultSingletonBeanRegistry.java:234)
	at org.springframework.beans.factory.support.AbstractBeanFactory.doGetBean(AbstractBeanFactory.java:323)
	at org.springframework.beans.factory.support.AbstractBeanFactory.getBean(AbstractBeanFactory.java:199)
	at org.springframework.context.support.AbstractApplicationContext.getBean(AbstractApplicationContext.java:1232)
	at org.springframework.context.support.AbstractApplicationContext.finishBeanFactoryInitialization(AbstractApplicationContext.java:950)
	at org.springframework.context.support.AbstractApplicationContext.refresh(AbstractApplicationContext.java:625)
	at org.springframework.boot.web.servlet.context.ServletWebServerApplicationContext.refresh(ServletWebServerApplicationContext.java:146)
	at org.springframework.boot.SpringApplication.refresh(SpringApplication.java:762)
	at org.springframework.boot.SpringApplication.refreshContext(SpringApplication.java:464)
	at org.springframework.boot.SpringApplication.run(SpringApplication.java:334)
	at org.springframework.boot.SpringApplication.run(SpringApplication.java:1358)
	at org.springframework.boot.SpringApplication.run(SpringApplication.java:1347)
	at com.iemr.inventory.RoleMasterApplication.main(RoleMasterApplication.java:46)
2024-03-16 21:41:12,776 WARN  [] [] o.h.e.j.d.i.DialectFactoryImpl.constructDialect:153] HHH90000025: MySQLDialect does not need to be specified explicitly using 'hibernate.dialect' (remove the property setting and it will be selected by default)
2024-03-16 21:41:15,052 INFO  [] [] o.h.e.t.j.p.i.JtaPlatformInitiator.initiateService:58] HHH000489: No JTA platform available (set 'hibernate.transaction.jta.platform' to enable JTA platform integration)
2024-03-16 21:41:15,057 INFO  [] [] o.s.o.j.AbstractEntityManagerFactoryBean.buildNativeEntityManagerFactory:437] Initialized JPA EntityManagerFactory for persistence unit 'default'
2024-03-16 21:41:15,378 INFO  [] [] o.s.d.j.r.q.QueryEnhancerFactory.<clinit>:49] Hibernate is in classpath; If applicable, HQL parser will be used.
2024-03-16 21:41:17,154 INFO  [] [] o.s.b.f.a.AutowiredAnnotationBeanPostProcessor.lambda$buildAutowiringMetadata$1:577] Autowired annotation is not supported on static fields: private static java.lang.Boolean com.iemr.inventory.utils.config.ConfigProperties.extendExpiryTime
2024-03-16 21:41:17,155 INFO  [] [] o.s.b.f.a.AutowiredAnnotationBeanPostProcessor.lambda$buildAutowiringMetadata$1:577] Autowired annotation is not supported on static fields: private static java.lang.Integer com.iemr.inventory.utils.config.ConfigProperties.sessionExpiryTime
2024-03-16 21:41:17,291 WARN  [] [] o.s.b.a.o.j.JpaBaseConfiguration$JpaWebConfiguration.openEntityManagerInViewInterceptor:232] spring.jpa.open-in-view is enabled by default. Therefore, database queries may be performed during view rendering. Explicitly configure spring.jpa.open-in-view to disable this warning
2024-03-16 21:41:18,112 WARN  [] [] o.s.b.a.s.s.UserDetailsServiceAutoConfiguration.getOrDeducePassword:84] 

Using generated security password: 1ef7ef3a-9c50-4bd5-a9e3-59fd9131df7a

This generated password is for development use only. Your security configuration must be updated before running your application in production.

2024-03-16 21:41:18,276 INFO  [] [] o.s.s.w.DefaultSecurityFilterChain.<init>:54] Will secure any request with [org.springframework.security.web.session.DisableEncodeUrlFilter@67f49986, org.springframework.security.web.context.request.async.WebAsyncManagerIntegrationFilter@5d349cc2, org.springframework.security.web.context.SecurityContextHolderFilter@4b6194b5, org.springframework.security.web.header.HeaderWriterFilter@54a8e7fb, org.springframework.web.filter.CorsFilter@50d4c4dc, org.springframework.security.web.csrf.CsrfFilter@3ca81397, org.springframework.security.web.authentication.logout.LogoutFilter@101bd174, org.springframework.security.web.authentication.UsernamePasswordAuthenticationFilter@68577f4, org.springframework.security.web.authentication.ui.DefaultLoginPageGeneratingFilter@44726b24, org.springframework.security.web.authentication.ui.DefaultLogoutPageGeneratingFilter@61806e63, org.springframework.security.web.authentication.www.BasicAuthenticationFilter@1ba43bc9, org.springframework.security.web.savedrequest.RequestCacheAwareFilter@529d2e69, org.springframework.security.web.servletapi.SecurityContextHolderAwareRequestFilter@1116672f, org.springframework.security.web.authentication.AnonymousAuthenticationFilter@227be37c, org.springframework.security.web.access.ExceptionTranslationFilter@5bd48bbb, org.springframework.security.web.access.intercept.AuthorizationFilter@53dfbc8]
2024-03-16 21:41:18,365 INFO  [] [] o.a.j.l.DirectJDKLog.log:173] Starting ProtocolHandler ["http-nio-8080"]
2024-03-16 21:41:18,398 INFO  [] [] o.s.b.w.e.t.TomcatWebServer.start:241] Tomcat started on port 8080 (http) with context path ''
2024-03-16 21:41:18,411 INFO  [] [] o.s.b.StartupInfoLogger.logStarted:56] Started RoleMasterApplication in 15.713 seconds (process running for 17.614)
2024-03-16 21:41:37,738 INFO  [] [] o.s.b.a.SpringApplicationAdminMXBeanRegistrar$SpringApplicationAdmin.shutdown:159] Application shutdown requested.
2024-03-16 21:41:37,742 INFO  [] [] o.a.j.l.DirectJDKLog.log:173] Stopping ProtocolHandler ["http-nio-8080"]
2024-03-16 21:41:37,912 INFO  [] [] o.s.o.j.AbstractEntityManagerFactoryBean.destroy:650] Closing JPA EntityManagerFactory for persistence unit 'default'
